make[1]: Entering directory '/home/quil/Documents/GitRepos/2025-AMDHardware-GPU/tb'
rm -f results.xml
"make" -f Makefile results.xml
make[2]: Entering directory '/home/quil/Documents/GitRepos/2025-AMDHardware-GPU/tb'
mkdir -p sim_build_axi_wrapper_tb
/nix/store/pdy9lwvh4qqf9cnj0j61l40hxq05kxza-iverilog-12.0/bin/iverilog -o sim_build_axi_wrapper_tb/sim.vvp -D COCOTB_SIM=1 -s axi_wrapper -g2012 -f sim_build_axi_wrapper_tb/cmds.f  /home/quil/Documents/GitRepos/2025-AMDHardware-GPU/tb/../src/alu.sv /home/quil/Documents/GitRepos/2025-AMDHardware-GPU/tb/../src/attribute_interpolator.sv /home/quil/Documents/GitRepos/2025-AMDHardware-GPU/tb/../src/controller.sv /home/quil/Documents/GitRepos/2025-AMDHardware-GPU/tb/../src/fragment_shader.sv /home/quil/Documents/GitRepos/2025-AMDHardware-GPU/tb/../src/framebuffer.sv /home/quil/Documents/GitRepos/2025-AMDHardware-GPU/tb/../src/gpu_register_file.sv /home/quil/Documents/GitRepos/2025-AMDHardware-GPU/tb/../src/gpu_top.sv /home/quil/Documents/GitRepos/2025-AMDHardware-GPU/tb/../src/instruction_decoder.sv /home/quil/Documents/GitRepos/2025-AMDHardware-GPU/tb/../src/_interconnect.sv /home/quil/Documents/GitRepos/2025-AMDHardware-GPU/tb/../src/mmu.sv /home/quil/Documents/GitRepos/2025-AMDHardware-GPU/tb/../src/rasterizer.sv /home/quil/Documents/GitRepos/2025-AMDHardware-GPU/tb/../src/shader_core.sv /home/quil/Documents/GitRepos/2025-AMDHardware-GPU/tb/../src/shader_loader.sv /home/quil/Documents/GitRepos/2025-AMDHardware-GPU/tb/../src/axi_wrapper.sv /home/quil/Documents/GitRepos/2025-AMDHardware-GPU/tb/../src/texture_unit.sv /home/quil/Documents/GitRepos/2025-AMDHardware-GPU/tb/../src/vertex_fetch.sv /home/quil/Documents/GitRepos/2025-AMDHardware-GPU/tb/../rtl_utils/reset_sync.sv /home/quil/Documents/GitRepos/2025-AMDHardware-GPU/tb/../rtl_utils/arbiter.sv /home/quil/Documents/GitRepos/2025-AMDHardware-GPU/tb/../rtl_utils/fifo.sv /home/quil/Documents/GitRepos/2025-AMDHardware-GPU/tb/../rtl_utils/clock_divider.sv /home/quil/Documents/GitRepos/2025-AMDHardware-GPU/tb/../rtl_utils/mux_n.sv
/home/quil/Documents/GitRepos/2025-AMDHardware-GPU/tb/../src/gpu_top.sv:315: warning: Port 10 (i_mem_rdata) of vertex_fetch expects 352 bits, got 32.
/home/quil/Documents/GitRepos/2025-AMDHardware-GPU/tb/../src/gpu_top.sv:315:        : Padding 320 high bits of the port.
/home/quil/Documents/GitRepos/2025-AMDHardware-GPU/tb/../src/gpu_top.sv:315: warning: Port 11 (o_vertex_data) of vertex_fetch expects 352 bits, got 348.
/home/quil/Documents/GitRepos/2025-AMDHardware-GPU/tb/../src/gpu_top.sv:315:        : Padding 4 high bits of the port.
/home/quil/Documents/GitRepos/2025-AMDHardware-GPU/tb/../src/gpu_top.sv:467: warning: Port 8 (o_mem_addr) of framebuffer expects 19 bits, got 32.
/home/quil/Documents/GitRepos/2025-AMDHardware-GPU/tb/../src/gpu_top.sv:467:        : Padding 13 high bits of the expression.
rm -f results.xml
MODULE=axi_wrapper_tb TESTCASE= TOPLEVEL=axi_wrapper TOPLEVEL_LANG=verilog \
         /nix/store/pdy9lwvh4qqf9cnj0j61l40hxq05kxza-iverilog-12.0/bin/vvp -M /home/quil/Documents/GitRepos/2025-AMDHardware-GPU/.cocotbvenv/lib/python3.13/site-packages/cocotb/libs -m libcocotbvpi_icarus   sim_build_axi_wrapper_tb/sim.vvp  
     -.--ns INFO     gpi                                ..mbed/gpi_embed.cpp:108  in set_program_name_in_venv        Using Python virtual environment interpreter at /home/quil/Documents/GitRepos/2025-AMDHardware-GPU/.cocotbvenv/bin/python
     -.--ns INFO     gpi                                ../gpi/GpiCommon.cpp:101  in gpi_print_registered_impl       VPI registered
     0.00ns INFO     cocotb                             Running on Icarus Verilog version 12.0 (stable)
     0.00ns INFO     cocotb                             Running tests with cocotb v1.9.2 from /home/quil/Documents/GitRepos/2025-AMDHardware-GPU/.cocotbvenv/lib/python3.13/site-packages/cocotb
     0.00ns INFO     cocotb                             Seeding Python random module with 1756600678
     0.00ns INFO     cocotb.regression                  Found test axi_wrapper_tb.test_basic_register_access
     0.00ns INFO     cocotb.regression                  Found test axi_wrapper_tb.test_shader_memory
     0.00ns INFO     cocotb.regression                  Found test axi_wrapper_tb.test_gpu_start
     0.00ns INFO     cocotb.regression                  Found test axi_wrapper_tb.test_concurrent_access
     0.00ns INFO     cocotb.regression                  Found test axi_wrapper_tb.test_stress
     0.00ns INFO     cocotb.regression                  running test_basic_register_access (1/5)
   190.00ns INFO     cocotb.axi_wrapper                 Testing basic register access...
   460.00ns INFO     cocotb.axi_wrapper                 Basic register test PASSED
   460.00ns INFO     cocotb.regression                  test_basic_register_access passed
   460.00ns INFO     cocotb.regression                  running test_shader_memory (2/5)
   660.00ns INFO     cocotb.axi_wrapper                 Testing shader memory...
  1200.00ns INFO     cocotb.axi_wrapper                 Shader memory test PASSED
  1200.00ns INFO     cocotb.regression                  test_shader_memory passed
  1200.00ns INFO     cocotb.regression                  running test_gpu_start (3/5)
  1400.00ns INFO     cocotb.axi_wrapper                 Testing GPU start...
  1570.00ns INFO     cocotb.axi_wrapper                 Initial status: 0x00000000
  1660.00ns INFO     cocotb.axi_wrapper                 DDR Write: addr=0x00000000, data=0x00000000
  2160.00ns INFO     cocotb.axi_wrapper                 Status after start: 0x00000002
  2210.00ns INFO     cocotb.axi_wrapper                 GPU start test PASSED
  2210.00ns INFO     cocotb.regression                  test_gpu_start passed
  2210.00ns INFO     cocotb.regression                  running test_concurrent_access (4/5)
  2410.00ns INFO     cocotb.axi_wrapper                 Testing concurrent access...
  2580.00ns INFO     cocotb.axi_wrapper                 DDR Write: addr=0x00001000, data=0x00000000
  2680.00ns INFO     cocotb.axi_wrapper                 DDR Write: addr=0x00001108, data=0x00000000
  3370.00ns INFO     cocotb.axi_wrapper                 Captured 10 status reads during operation
  3370.00ns INFO     cocotb.axi_wrapper                 Concurrent access test PASSED
  3370.00ns INFO     cocotb.regression                  test_concurrent_access passed
  3370.00ns INFO     cocotb.regression                  running test_stress (5/5)
  3570.00ns INFO     cocotb.axi_wrapper                 Running stress test...
  3660.00ns INFO     cocotb.axi_wrapper                 DDR Write: addr=0x00000000, data=0x00000000
  3730.00ns INFO     cocotb.axi_wrapper                 DDR Write: addr=0x00000000, data=0x00000000
  3800.00ns INFO     cocotb.axi_wrapper                 DDR Write: addr=0x00000000, data=0x00000000
  3870.00ns INFO     cocotb.axi_wrapper                 DDR Write: addr=0x00000000, data=0x00000000
  4270.00ns INFO     cocotb.axi_wrapper                 DDR Write: addr=0x00000000, data=0x00000000
  4340.00ns INFO     cocotb.axi_wrapper                 DDR Write: addr=0x00000000, data=0x00000000
  5580.00ns INFO     cocotb.axi_wrapper                 Stress test progress: 20/100
  7250.00ns INFO     cocotb.axi_wrapper                 Stress test progress: 40/100
  9090.00ns INFO     cocotb.axi_wrapper                 Stress test progress: 60/100
 10980.00ns INFO     cocotb.axi_wrapper                 Stress test progress: 80/100
 12920.00ns INFO     cocotb.axi_wrapper                 Stress test progress: 100/100
 12920.00ns INFO     cocotb.axi_wrapper                 Stress test PASSED
 12920.00ns INFO     cocotb.regression                  test_stress passed
 12920.00ns INFO     cocotb.regression                  ***************************************************************************************************
                                                        ** TEST                                       STATUS  SIM TIME (ns)  REAL TIME (s)  RATIO (ns/s) **
                                                        ***************************************************************************************************
                                                        ** axi_wrapper_tb.test_basic_register_access   PASS         460.00           0.02      21337.55  **
                                                        ** axi_wrapper_tb.test_shader_memory           PASS         740.00           0.02      30826.73  **
                                                        ** axi_wrapper_tb.test_gpu_start               PASS        1010.00           0.03      31930.26  **
                                                        ** axi_wrapper_tb.test_concurrent_access       PASS        1160.00           0.04      29599.01  **
                                                        ** axi_wrapper_tb.test_stress                  PASS        9550.00           0.30      32330.10  **
                                                        ***************************************************************************************************
                                                        ** TESTS=5 PASS=5 FAIL=0 SKIP=0                           12920.00           0.47      27545.19  **
                                                        ***************************************************************************************************
                                                        
make[2]: Leaving directory '/home/quil/Documents/GitRepos/2025-AMDHardware-GPU/tb'
make[1]: Leaving directory '/home/quil/Documents/GitRepos/2025-AMDHardware-GPU/tb'
