make[1]: Entering directory '/home/quil/Documents/GitRepos/2025-AMDHardware-GPU/tb'
rm -f results.xml
"make" -f Makefile results.xml
make[2]: Entering directory '/home/quil/Documents/GitRepos/2025-AMDHardware-GPU/tb'
mkdir -p sim_build_gpu_top_tb
/nix/store/pdy9lwvh4qqf9cnj0j61l40hxq05kxza-iverilog-12.0/bin/iverilog -o sim_build_gpu_top_tb/sim.vvp -D COCOTB_SIM=1 -s gpu_top -g2012 -f sim_build_gpu_top_tb/cmds.f  /home/quil/Documents/GitRepos/2025-AMDHardware-GPU/tb/../src/alu.sv /home/quil/Documents/GitRepos/2025-AMDHardware-GPU/tb/../src/attribute_interpolator.sv /home/quil/Documents/GitRepos/2025-AMDHardware-GPU/tb/../src/controller.sv /home/quil/Documents/GitRepos/2025-AMDHardware-GPU/tb/../src/fragment_shader.sv /home/quil/Documents/GitRepos/2025-AMDHardware-GPU/tb/../src/framebuffer.sv /home/quil/Documents/GitRepos/2025-AMDHardware-GPU/tb/../src/gpu_register_file.sv /home/quil/Documents/GitRepos/2025-AMDHardware-GPU/tb/../src/gpu_top.sv /home/quil/Documents/GitRepos/2025-AMDHardware-GPU/tb/../src/instruction_decoder.sv /home/quil/Documents/GitRepos/2025-AMDHardware-GPU/tb/../src/_interconnect.sv /home/quil/Documents/GitRepos/2025-AMDHardware-GPU/tb/../src/mmu.sv /home/quil/Documents/GitRepos/2025-AMDHardware-GPU/tb/../src/rasterizer.sv /home/quil/Documents/GitRepos/2025-AMDHardware-GPU/tb/../src/shader_core.sv /home/quil/Documents/GitRepos/2025-AMDHardware-GPU/tb/../src/shader_loader.sv /home/quil/Documents/GitRepos/2025-AMDHardware-GPU/tb/../src/axi_wrapper.sv /home/quil/Documents/GitRepos/2025-AMDHardware-GPU/tb/../src/texture_unit.sv /home/quil/Documents/GitRepos/2025-AMDHardware-GPU/tb/../src/vertex_fetch.sv /home/quil/Documents/GitRepos/2025-AMDHardware-GPU/tb/../rtl_utils/reset_sync.sv /home/quil/Documents/GitRepos/2025-AMDHardware-GPU/tb/../rtl_utils/arbiter.sv /home/quil/Documents/GitRepos/2025-AMDHardware-GPU/tb/../rtl_utils/fifo.sv /home/quil/Documents/GitRepos/2025-AMDHardware-GPU/tb/../rtl_utils/clock_divider.sv /home/quil/Documents/GitRepos/2025-AMDHardware-GPU/tb/../rtl_utils/mux_n.sv
/home/quil/Documents/GitRepos/2025-AMDHardware-GPU/tb/../src/gpu_top.sv:315: warning: Port 10 (i_mem_rdata) of vertex_fetch expects 352 bits, got 32.
/home/quil/Documents/GitRepos/2025-AMDHardware-GPU/tb/../src/gpu_top.sv:315:        : Padding 320 high bits of the port.
/home/quil/Documents/GitRepos/2025-AMDHardware-GPU/tb/../src/gpu_top.sv:315: warning: Port 11 (o_vertex_data) of vertex_fetch expects 352 bits, got 348.
/home/quil/Documents/GitRepos/2025-AMDHardware-GPU/tb/../src/gpu_top.sv:315:        : Padding 4 high bits of the port.
/home/quil/Documents/GitRepos/2025-AMDHardware-GPU/tb/../src/gpu_top.sv:467: warning: Port 8 (o_mem_addr) of framebuffer expects 19 bits, got 32.
/home/quil/Documents/GitRepos/2025-AMDHardware-GPU/tb/../src/gpu_top.sv:467:        : Padding 13 high bits of the expression.
rm -f results.xml
MODULE=gpu_top_tb TESTCASE= TOPLEVEL=gpu_top TOPLEVEL_LANG=verilog \
         /nix/store/pdy9lwvh4qqf9cnj0j61l40hxq05kxza-iverilog-12.0/bin/vvp -M /home/quil/Documents/GitRepos/2025-AMDHardware-GPU/.cocotbvenv/lib/python3.13/site-packages/cocotb/libs -m libcocotbvpi_icarus   sim_build_gpu_top_tb/sim.vvp  
     -.--ns INFO     gpi                                ..mbed/gpi_embed.cpp:108  in set_program_name_in_venv        Using Python virtual environment interpreter at /home/quil/Documents/GitRepos/2025-AMDHardware-GPU/.cocotbvenv/bin/python
     -.--ns INFO     gpi                                ../gpi/GpiCommon.cpp:101  in gpi_print_registered_impl       VPI registered
     0.00ns INFO     cocotb                             Running on Icarus Verilog version 12.0 (stable)
     0.00ns INFO     cocotb                             Running tests with cocotb v1.9.2 from /home/quil/Documents/GitRepos/2025-AMDHardware-GPU/.cocotbvenv/lib/python3.13/site-packages/cocotb
     0.00ns INFO     cocotb                             Seeding Python random module with 1756600678
     0.00ns INFO     cocotb.regression                  Found test gpu_top_tb.test_reset
     0.00ns INFO     cocotb.regression                  Found test gpu_top_tb.test_register_access
     0.00ns INFO     cocotb.regression                  Found test gpu_top_tb.test_shader_loading
     0.00ns INFO     cocotb.regression                  Found test gpu_top_tb.test_pipeline_start
     0.00ns INFO     cocotb.regression                  Found test gpu_top_tb.test_memory_interface
     0.00ns INFO     cocotb.regression                  Found test gpu_top_tb.test_interrupt
     0.00ns INFO     cocotb.regression                  Found test gpu_top_tb.test_back_to_back
     0.00ns INFO     cocotb.regression                  Found test gpu_top_tb.test_vertex_fetch_interface
     0.00ns INFO     cocotb.regression                  Found test gpu_top_tb.test_stress
     0.00ns INFO     cocotb.regression                  Found test gpu_top_tb.test_performance
     0.00ns INFO     cocotb.regression                  running test_reset (1/10)
     0.00ns INFO     cocotb.gpu_top                     Testing reset
   140.00ns INFO     cocotb.gpu_top                     Reset test passed
   140.00ns INFO     cocotb.regression                  test_reset passed
   140.00ns INFO     cocotb.regression                  running test_register_access (2/10)
   140.00ns INFO     cocotb.gpu_top                     Testing register access
   330.00ns INFO     cocotb.gpu_top                     Register access test passed
   330.00ns INFO     cocotb.regression                  test_register_access passed
   330.00ns INFO     cocotb.regression                  running test_shader_loading (3/10)
   330.00ns INFO     cocotb.gpu_top                     Testing shader loading
   520.00ns INFO     cocotb.gpu_top                     Shader loading test passed
   520.00ns INFO     cocotb.regression                  test_shader_loading passed
   520.00ns INFO     cocotb.regression                  running test_pipeline_start (4/10)
   520.00ns INFO     cocotb.gpu_top                     Testing pipeline start
   820.00ns INFO     cocotb.gpu_top                     Status after start: 0x00000002
   850.00ns INFO     cocotb.gpu_top                     Pipeline start test passed
   850.00ns INFO     cocotb.regression                  test_pipeline_start passed
   850.00ns INFO     cocotb.regression                  running test_memory_interface (5/10)
   850.00ns INFO     cocotb.gpu_top                     Testing memory interface
  1030.00ns INFO     cocotb.gpu_top                     DRAM write: addr=0x00020000, data=0x00000000
  2010.00ns INFO     cocotb.gpu_top                     Captured 1 DRAM transactions
  2010.00ns INFO     cocotb.gpu_top                     Memory interface test passed
  2010.01ns INFO     cocotb.regression                  test_memory_interface passed
  2010.01ns INFO     cocotb.regression                  running test_interrupt (6/10)
  2010.01ns INFO     cocotb.gpu_top                     Testing interrupt generation
  2350.01ns INFO     cocotb.gpu_top                     Interrupt test passed
  2350.01ns INFO     cocotb.regression                  test_interrupt passed
  2350.01ns INFO     cocotb.regression                  running test_back_to_back (7/10)
  2350.01ns INFO     cocotb.gpu_top                     Testing back-to-back operations
  2420.01ns INFO     cocotb.gpu_top                     Operation 1/3
  2610.01ns INFO     cocotb.gpu_top                     Operation 2/3
  2880.01ns INFO     cocotb.gpu_top                     Operation 3/3
  3190.01ns INFO     cocotb.gpu_top                     Back-to-back test passed
  3190.01ns INFO     cocotb.regression                  test_back_to_back passed
  3190.01ns INFO     cocotb.regression                  running test_vertex_fetch_interface (8/10)
  3190.01ns INFO     cocotb.gpu_top                     Testing vertex fetch interface
  5350.01ns INFO     cocotb.gpu_top                     Vertex fetch test passed
  5350.01ns INFO     cocotb.regression                  test_vertex_fetch_interface passed
  5350.01ns INFO     cocotb.regression                  running test_stress (9/10)
  5350.01ns INFO     cocotb.gpu_top                     Starting stress test
  5420.01ns INFO     cocotb.gpu_top                     Stress iteration 1/10
405660.01ns WARNING  cocotb.gpu_top                     Iteration 1 timeout - resetting
405840.01ns INFO     cocotb.gpu_top                     Stress iteration 2/10
805990.01ns WARNING  cocotb.gpu_top                     Iteration 2 timeout - resetting
806170.01ns INFO     cocotb.gpu_top                     Stress iteration 3/10
806600.01ns INFO     cocotb.gpu_top                     Stress iteration 4/10
1206840.01ns WARNING  cocotb.gpu_top                     Iteration 4 timeout - resetting
1207120.01ns INFO     cocotb.gpu_top                     Stress iteration 5/10
1607330.01ns WARNING  cocotb.gpu_top                     Iteration 5 timeout - resetting
1607560.01ns INFO     cocotb.gpu_top                     Stress iteration 6/10
2007770.01ns WARNING  cocotb.gpu_top                     Iteration 6 timeout - resetting
2007900.01ns INFO     cocotb.gpu_top                     Stress iteration 7/10
2408050.01ns WARNING  cocotb.gpu_top                     Iteration 7 timeout - resetting
2408280.01ns INFO     cocotb.gpu_top                     Stress iteration 8/10
2808460.01ns WARNING  cocotb.gpu_top                     Iteration 8 timeout - resetting
2808590.01ns INFO     cocotb.gpu_top                     Stress iteration 9/10
3208830.01ns WARNING  cocotb.gpu_top                     Iteration 9 timeout - resetting
3208980.01ns INFO     cocotb.gpu_top                     Stress iteration 10/10
3209370.01ns INFO     cocotb.gpu_top                     Stress test completed
3209370.01ns INFO     cocotb.regression                  test_stress passed
3209370.01ns INFO     cocotb.regression                  running test_performance (10/10)
3209370.01ns INFO     cocotb.gpu_top                     Measuring performance
3209600.01ns INFO     cocotb.gpu_top                     Vertices: 3, Cycles: 10
3209870.01ns INFO     cocotb.gpu_top                     Vertices: 6, Cycles: 18
3210180.01ns INFO     cocotb.gpu_top                     Vertices: 9, Cycles: 22
3210530.01ns INFO     cocotb.gpu_top                     Vertices: 12, Cycles: 26
3210920.01ns INFO     cocotb.gpu_top                     Vertices: 15, Cycles: 30
3210950.01ns INFO     cocotb.gpu_top                     Performance test passed
3210950.01ns INFO     cocotb.regression                  test_performance passed
3210950.01ns INFO     cocotb.regression                  ************************************************************************************************
                                                         ** TEST                                    STATUS  SIM TIME (ns)  REAL TIME (s)  RATIO (ns/s) **
                                                         ************************************************************************************************
                                                         ** gpu_top_tb.test_reset                    PASS         140.00           0.00      32523.22  **
                                                         ** gpu_top_tb.test_register_access          PASS         190.00           0.00      39606.48  **
                                                         ** gpu_top_tb.test_shader_loading           PASS         190.00           0.00      39344.46  **
                                                         ** gpu_top_tb.test_pipeline_start           PASS         330.00           0.01      43054.76  **
                                                         ** gpu_top_tb.test_memory_interface         PASS        1160.00           0.02      52076.43  **
                                                         ** gpu_top_tb.test_interrupt                PASS         340.00           0.01      43634.65  **
                                                         ** gpu_top_tb.test_back_to_back             PASS         840.00           0.02      42356.06  **
                                                         ** gpu_top_tb.test_vertex_fetch_interface   PASS        2160.00           0.04      51145.74  **
                                                         ** gpu_top_tb.test_stress                   PASS     3204020.00          31.78     100827.79  **
                                                         ** gpu_top_tb.test_performance              PASS        1580.00           0.02      86429.79  **
                                                         ************************************************************************************************
                                                         ** TESTS=10 PASS=10 FAIL=0 SKIP=0                    3210950.01          31.99     100361.11  **
                                                         ************************************************************************************************
                                                         
make[2]: Leaving directory '/home/quil/Documents/GitRepos/2025-AMDHardware-GPU/tb'
make[1]: Leaving directory '/home/quil/Documents/GitRepos/2025-AMDHardware-GPU/tb'
