make[1]: Entering directory '/home/quil/Documents/GitRepos/2025-AMDHardware-GPU/tb'
rm -f results.xml
"make" -f Makefile results.xml
make[2]: Entering directory '/home/quil/Documents/GitRepos/2025-AMDHardware-GPU/tb'
mkdir -p sim_build_instr_decode_tb
/nix/store/pdy9lwvh4qqf9cnj0j61l40hxq05kxza-iverilog-12.0/bin/iverilog -o sim_build_instr_decode_tb/sim.vvp -D COCOTB_SIM=1 -s instruction_decoder -g2012 -f sim_build_instr_decode_tb/cmds.f  /home/quil/Documents/GitRepos/2025-AMDHardware-GPU/tb/../src/alu.sv /home/quil/Documents/GitRepos/2025-AMDHardware-GPU/tb/../src/attribute_interpolator.sv /home/quil/Documents/GitRepos/2025-AMDHardware-GPU/tb/../src/controller.sv /home/quil/Documents/GitRepos/2025-AMDHardware-GPU/tb/../src/fragment_shader.sv /home/quil/Documents/GitRepos/2025-AMDHardware-GPU/tb/../src/framebuffer.sv /home/quil/Documents/GitRepos/2025-AMDHardware-GPU/tb/../src/gpu_register_file.sv /home/quil/Documents/GitRepos/2025-AMDHardware-GPU/tb/../src/gpu_top.sv /home/quil/Documents/GitRepos/2025-AMDHardware-GPU/tb/../src/instruction_decoder.sv /home/quil/Documents/GitRepos/2025-AMDHardware-GPU/tb/../src/_interconnect.sv /home/quil/Documents/GitRepos/2025-AMDHardware-GPU/tb/../src/mmu.sv /home/quil/Documents/GitRepos/2025-AMDHardware-GPU/tb/../src/rasterizer.sv /home/quil/Documents/GitRepos/2025-AMDHardware-GPU/tb/../src/shader_core.sv /home/quil/Documents/GitRepos/2025-AMDHardware-GPU/tb/../src/shader_loader.sv /home/quil/Documents/GitRepos/2025-AMDHardware-GPU/tb/../src/axi_wrapper.sv /home/quil/Documents/GitRepos/2025-AMDHardware-GPU/tb/../src/texture_unit.sv /home/quil/Documents/GitRepos/2025-AMDHardware-GPU/tb/../src/vertex_fetch.sv /home/quil/Documents/GitRepos/2025-AMDHardware-GPU/tb/../rtl_utils/reset_sync.sv /home/quil/Documents/GitRepos/2025-AMDHardware-GPU/tb/../rtl_utils/arbiter.sv /home/quil/Documents/GitRepos/2025-AMDHardware-GPU/tb/../rtl_utils/fifo.sv /home/quil/Documents/GitRepos/2025-AMDHardware-GPU/tb/../rtl_utils/clock_divider.sv /home/quil/Documents/GitRepos/2025-AMDHardware-GPU/tb/../rtl_utils/mux_n.sv
rm -f results.xml
MODULE=instr_decode_tb TESTCASE= TOPLEVEL=instruction_decoder TOPLEVEL_LANG=verilog \
         /nix/store/pdy9lwvh4qqf9cnj0j61l40hxq05kxza-iverilog-12.0/bin/vvp -M /home/quil/Documents/GitRepos/2025-AMDHardware-GPU/.cocotbvenv/lib/python3.13/site-packages/cocotb/libs -m libcocotbvpi_icarus   sim_build_instr_decode_tb/sim.vvp  
     -.--ns INFO     gpi                                ..mbed/gpi_embed.cpp:108  in set_program_name_in_venv        Using Python virtual environment interpreter at /home/quil/Documents/GitRepos/2025-AMDHardware-GPU/.cocotbvenv/bin/python
     -.--ns INFO     gpi                                ../gpi/GpiCommon.cpp:101  in gpi_print_registered_impl       VPI registered
     0.00ns INFO     cocotb                             Running on Icarus Verilog version 12.0 (stable)
     0.00ns INFO     cocotb                             Running tests with cocotb v1.9.2 from /home/quil/Documents/GitRepos/2025-AMDHardware-GPU/.cocotbvenv/lib/python3.13/site-packages/cocotb
     0.00ns INFO     cocotb                             Seeding Python random module with 1756600678
     0.00ns INFO     cocotb.regression                  Found test instr_decode_tb.test_instruction_decoder
     0.00ns INFO     cocotb.regression                  running test_instruction_decoder (1/1)
100000.00ns INFO     cocotb                             Opcode coverage: 32/32
100000.00ns INFO     cocotb                             RD address coverage: 16/16
100000.00ns INFO     cocotb                             RS1 address coverage: 16/16
100000.00ns INFO     cocotb                             RS2 address coverage: 16/16
100000.00ns INFO     cocotb                             Immediate coverage: 4096/4096
100000.00ns INFO     cocotb.regression                  test_instruction_decoder passed
100000.00ns INFO     cocotb.regression                  **************************************************************************************************
                                                        ** TEST                                      STATUS  SIM TIME (ns)  REAL TIME (s)  RATIO (ns/s) **
                                                        **************************************************************************************************
                                                        ** instr_decode_tb.test_instruction_decoder   PASS      100000.00           6.22      16088.46  **
                                                        **************************************************************************************************
                                                        ** TESTS=1 PASS=1 FAIL=0 SKIP=0                         100000.00           6.27      15943.23  **
                                                        **************************************************************************************************
                                                        
make[2]: Leaving directory '/home/quil/Documents/GitRepos/2025-AMDHardware-GPU/tb'
make[1]: Leaving directory '/home/quil/Documents/GitRepos/2025-AMDHardware-GPU/tb'
