make[1]: Entering directory '/home/quil/Documents/GitRepos/2025-AMDHardware-GPU/tb'
rm -f results.xml
"make" -f Makefile results.xml
make[2]: Entering directory '/home/quil/Documents/GitRepos/2025-AMDHardware-GPU/tb'
mkdir -p sim_build_shader_loader_tb
/nix/store/pdy9lwvh4qqf9cnj0j61l40hxq05kxza-iverilog-12.0/bin/iverilog -o sim_build_shader_loader_tb/sim.vvp -D COCOTB_SIM=1 -s shader_loader -g2012 -f sim_build_shader_loader_tb/cmds.f  /home/quil/Documents/GitRepos/2025-AMDHardware-GPU/tb/../src/alu.sv /home/quil/Documents/GitRepos/2025-AMDHardware-GPU/tb/../src/attribute_interpolator.sv /home/quil/Documents/GitRepos/2025-AMDHardware-GPU/tb/../src/controller.sv /home/quil/Documents/GitRepos/2025-AMDHardware-GPU/tb/../src/fragment_shader.sv /home/quil/Documents/GitRepos/2025-AMDHardware-GPU/tb/../src/framebuffer.sv /home/quil/Documents/GitRepos/2025-AMDHardware-GPU/tb/../src/gpu_register_file.sv /home/quil/Documents/GitRepos/2025-AMDHardware-GPU/tb/../src/gpu_top.sv /home/quil/Documents/GitRepos/2025-AMDHardware-GPU/tb/../src/instruction_decoder.sv /home/quil/Documents/GitRepos/2025-AMDHardware-GPU/tb/../src/_interconnect.sv /home/quil/Documents/GitRepos/2025-AMDHardware-GPU/tb/../src/mmu.sv /home/quil/Documents/GitRepos/2025-AMDHardware-GPU/tb/../src/rasterizer.sv /home/quil/Documents/GitRepos/2025-AMDHardware-GPU/tb/../src/shader_core.sv /home/quil/Documents/GitRepos/2025-AMDHardware-GPU/tb/../src/shader_loader.sv /home/quil/Documents/GitRepos/2025-AMDHardware-GPU/tb/../src/axi_wrapper.sv /home/quil/Documents/GitRepos/2025-AMDHardware-GPU/tb/../src/texture_unit.sv /home/quil/Documents/GitRepos/2025-AMDHardware-GPU/tb/../src/vertex_fetch.sv /home/quil/Documents/GitRepos/2025-AMDHardware-GPU/tb/../rtl_utils/reset_sync.sv /home/quil/Documents/GitRepos/2025-AMDHardware-GPU/tb/../rtl_utils/arbiter.sv /home/quil/Documents/GitRepos/2025-AMDHardware-GPU/tb/../rtl_utils/fifo.sv /home/quil/Documents/GitRepos/2025-AMDHardware-GPU/tb/../rtl_utils/clock_divider.sv /home/quil/Documents/GitRepos/2025-AMDHardware-GPU/tb/../rtl_utils/mux_n.sv
rm -f results.xml
MODULE=shader_loader_tb TESTCASE= TOPLEVEL=shader_loader TOPLEVEL_LANG=verilog \
         /nix/store/pdy9lwvh4qqf9cnj0j61l40hxq05kxza-iverilog-12.0/bin/vvp -M /home/quil/Documents/GitRepos/2025-AMDHardware-GPU/.cocotbvenv/lib/python3.13/site-packages/cocotb/libs -m libcocotbvpi_icarus   sim_build_shader_loader_tb/sim.vvp  
     -.--ns INFO     gpi                                ..mbed/gpi_embed.cpp:108  in set_program_name_in_venv        Using Python virtual environment interpreter at /home/quil/Documents/GitRepos/2025-AMDHardware-GPU/.cocotbvenv/bin/python
     -.--ns INFO     gpi                                ../gpi/GpiCommon.cpp:101  in gpi_print_registered_impl       VPI registered
     0.00ns INFO     cocotb                             Running on Icarus Verilog version 12.0 (stable)
     0.00ns INFO     cocotb                             Running tests with cocotb v1.9.2 from /home/quil/Documents/GitRepos/2025-AMDHardware-GPU/.cocotbvenv/lib/python3.13/site-packages/cocotb
     0.00ns INFO     cocotb                             Seeding Python random module with 1756600678
     0.00ns INFO     cocotb.regression                  Found test shader_loader_tb.test_shader_loader_basic
     0.00ns INFO     cocotb.regression                  Found test shader_loader_tb.test_shader_loader_simultaneous_access
     0.00ns INFO     cocotb.regression                  Found test shader_loader_tb.test_shader_loader_full_memory
     0.00ns INFO     cocotb.regression                  Found test shader_loader_tb.test_shader_loader_stress
     0.00ns INFO     cocotb.regression                  Found test shader_loader_tb.test_shader_loader_patterns
     0.00ns INFO     cocotb.regression                  Found test shader_loader_tb.test_shader_loader_boundary
     0.00ns INFO     cocotb.regression                  Found test shader_loader_tb.test_shader_loader_pipeline_fetch
     0.00ns INFO     cocotb.regression                  Found test shader_loader_tb.test_shader_loader_performance
     0.00ns INFO     cocotb.regression                  running test_shader_loader_basic (1/8)
     0.00ns INFO     cocotb.shader_loader               Starting shader loader test (WIDTH=32, DEPTH=256)
    60.00ns INFO     cocotb.shader_loader               Test 1: Simple write and read
   114.00ns INFO     cocotb.shader_loader               Test 2: Overwrite existing data
   121.00ns INFO     cocotb.shader_loader               Basic shader loader test passed!
   121.00ns INFO     cocotb.regression                  test_shader_loader_basic passed
   121.00ns INFO     cocotb.regression                  running test_shader_loader_simultaneous_access (2/8)
   121.00ns INFO     cocotb.shader_loader               Testing simultaneous read/write access
  2761.00ns INFO     cocotb.shader_loader               Performing simultaneous reads while writing
  2772.00ns INFO     cocotb.shader_loader               Simultaneous access test passed!
  2772.00ns INFO     cocotb.regression                  test_shader_loader_simultaneous_access passed
  2772.00ns INFO     cocotb.regression                  running test_shader_loader_full_memory (3/8)
  2772.00ns INFO     cocotb.shader_loader               Testing full memory write/read (256 locations)
  2842.00ns INFO     cocotb.shader_loader               Writing full memory...
  5412.00ns INFO     cocotb.shader_loader               Verifying full memory...
  5668.00ns INFO     cocotb.shader_loader               Full memory test passed!
  5668.00ns INFO     cocotb.regression                  test_shader_loader_full_memory passed
  5668.00ns INFO     cocotb.regression                  running test_shader_loader_stress (4/8)
  5668.00ns INFO     cocotb.shader_loader               Starting shader loader stress test
  7352.00ns INFO     cocotb.shader_loader               Stress test progress: 500/5000 operations
  8702.00ns INFO     cocotb.shader_loader               Stress test progress: 1000/5000 operations
 10418.00ns INFO     cocotb.shader_loader               Stress test progress: 1500/5000 operations
 11768.00ns INFO     cocotb.shader_loader               Stress test progress: 2000/5000 operations
 13258.00ns INFO     cocotb.shader_loader               Stress test progress: 2500/5000 operations
 14791.00ns INFO     cocotb.shader_loader               Stress test progress: 3000/5000 operations
 16350.00ns INFO     cocotb.shader_loader               Stress test progress: 3500/5000 operations
 17891.00ns INFO     cocotb.shader_loader               Stress test progress: 4000/5000 operations
 19521.00ns INFO     cocotb.shader_loader               Stress test progress: 4500/5000 operations
 21054.00ns INFO     cocotb.shader_loader               Stress test progress: 5000/5000 operations
 21054.00ns INFO     cocotb.shader_loader               Stress test completed! Writes: 1506, Reads: 3494
 21054.00ns INFO     cocotb.regression                  test_shader_loader_stress passed
 21054.00ns INFO     cocotb.regression                  running test_shader_loader_patterns (5/8)
 21054.00ns INFO     cocotb.shader_loader               Testing various data patterns
 21114.00ns INFO     cocotb.shader_loader                 Testing pattern: All zeros
 21466.00ns INFO     cocotb.shader_loader                 Testing pattern: All ones
 21816.00ns INFO     cocotb.shader_loader                 Testing pattern: Walking ones
 22166.00ns INFO     cocotb.shader_loader                 Testing pattern: Walking zeros
 22516.00ns INFO     cocotb.shader_loader                 Testing pattern: Checkerboard
 22866.00ns INFO     cocotb.shader_loader                 Testing pattern: Address pattern
 23216.00ns INFO     cocotb.shader_loader               Pattern test passed!
 23216.01ns INFO     cocotb.regression                  test_shader_loader_patterns passed
 23216.01ns INFO     cocotb.regression                  running test_shader_loader_boundary (6/8)
 23216.01ns INFO     cocotb.shader_loader               Testing boundary conditions
 23286.01ns INFO     cocotb.shader_loader               Test 1: Boundary address writes
 23326.01ns INFO     cocotb.shader_loader               Test 2: Boundary address reads
 23330.01ns INFO     cocotb.shader_loader               Test 3: Rapid address switching
 23530.01ns INFO     cocotb.shader_loader               Boundary test passed!
 23530.01ns INFO     cocotb.regression                  test_shader_loader_boundary passed
 23530.01ns INFO     cocotb.regression                  running test_shader_loader_pipeline_fetch (7/8)
 23530.01ns INFO     cocotb.shader_loader               Testing pipeline-style instruction fetch
 23840.01ns INFO     cocotb.shader_loader               Pipeline fetch test passed!
 23840.01ns INFO     cocotb.regression                  test_shader_loader_pipeline_fetch passed
 23840.01ns INFO     cocotb.regression                  running test_shader_loader_performance (8/8)
 23840.01ns INFO     cocotb.shader_loader               Performance testing
 23910.01ns INFO     cocotb.shader_loader               Test 1: Write throughput
 26470.01ns INFO     cocotb.shader_loader                 Write throughput: 100.00 writes/μs
 26470.01ns INFO     cocotb.shader_loader               Test 2: Read latency
 26570.01ns INFO     cocotb.shader_loader                 Average read latency: 1.00 ns
 26570.01ns INFO     cocotb.shader_loader               Test 3: Back-to-back read performance
 27570.01ns INFO     cocotb.shader_loader                 Read throughput: 1000.00 reads/μs
 27570.01ns INFO     cocotb.shader_loader               Performance test completed!
 27570.01ns INFO     cocotb.regression                  test_shader_loader_performance passed
 27570.01ns INFO     cocotb.regression                  *****************************************************************************************************************
                                                        ** TEST                                                     STATUS  SIM TIME (ns)  REAL TIME (s)  RATIO (ns/s) **
                                                        *****************************************************************************************************************
                                                        ** shader_loader_tb.test_shader_loader_basic                 PASS         121.00           0.00      25643.73  **
                                                        ** shader_loader_tb.test_shader_loader_simultaneous_access   PASS        2651.00           0.06      44600.58  **
                                                        ** shader_loader_tb.test_shader_loader_full_memory           PASS        2896.00           0.08      34164.79  **
                                                        ** shader_loader_tb.test_shader_loader_stress                PASS       15386.00           0.53      28834.72  **
                                                        ** shader_loader_tb.test_shader_loader_patterns              PASS        2162.00           0.03      72648.75  **
                                                        ** shader_loader_tb.test_shader_loader_boundary              PASS         314.00           0.01      30952.19  **
                                                        ** shader_loader_tb.test_shader_loader_pipeline_fetch        PASS         310.00           0.00      81458.37  **
                                                        ** shader_loader_tb.test_shader_loader_performance           PASS        3730.00           0.07      54521.99  **
                                                        *****************************************************************************************************************
                                                        ** TESTS=8 PASS=8 FAIL=0 SKIP=0                                         27570.01           0.88      31290.12  **
                                                        *****************************************************************************************************************
                                                        
make[2]: Leaving directory '/home/quil/Documents/GitRepos/2025-AMDHardware-GPU/tb'
make[1]: Leaving directory '/home/quil/Documents/GitRepos/2025-AMDHardware-GPU/tb'
