make[1]: Entering directory '/home/quil/Documents/GitRepos/2025-AMDHardware-GPU/tb'
rm -f results.xml
"make" -f Makefile results.xml
make[2]: Entering directory '/home/quil/Documents/GitRepos/2025-AMDHardware-GPU/tb'
mkdir -p sim_build_shader_core_tb
/nix/store/pdy9lwvh4qqf9cnj0j61l40hxq05kxza-iverilog-12.0/bin/iverilog -o sim_build_shader_core_tb/sim.vvp -D COCOTB_SIM=1 -s shader_core -g2012 -f sim_build_shader_core_tb/cmds.f  /home/quil/Documents/GitRepos/2025-AMDHardware-GPU/tb/../src/alu.sv /home/quil/Documents/GitRepos/2025-AMDHardware-GPU/tb/../src/attribute_interpolator.sv /home/quil/Documents/GitRepos/2025-AMDHardware-GPU/tb/../src/controller.sv /home/quil/Documents/GitRepos/2025-AMDHardware-GPU/tb/../src/fragment_shader.sv /home/quil/Documents/GitRepos/2025-AMDHardware-GPU/tb/../src/framebuffer.sv /home/quil/Documents/GitRepos/2025-AMDHardware-GPU/tb/../src/gpu_register_file.sv /home/quil/Documents/GitRepos/2025-AMDHardware-GPU/tb/../src/gpu_top.sv /home/quil/Documents/GitRepos/2025-AMDHardware-GPU/tb/../src/instruction_decoder.sv /home/quil/Documents/GitRepos/2025-AMDHardware-GPU/tb/../src/_interconnect.sv /home/quil/Documents/GitRepos/2025-AMDHardware-GPU/tb/../src/mmu.sv /home/quil/Documents/GitRepos/2025-AMDHardware-GPU/tb/../src/rasterizer.sv /home/quil/Documents/GitRepos/2025-AMDHardware-GPU/tb/../src/shader_core.sv /home/quil/Documents/GitRepos/2025-AMDHardware-GPU/tb/../src/shader_loader.sv /home/quil/Documents/GitRepos/2025-AMDHardware-GPU/tb/../src/axi_wrapper.sv /home/quil/Documents/GitRepos/2025-AMDHardware-GPU/tb/../src/texture_unit.sv /home/quil/Documents/GitRepos/2025-AMDHardware-GPU/tb/../src/vertex_fetch.sv /home/quil/Documents/GitRepos/2025-AMDHardware-GPU/tb/../rtl_utils/reset_sync.sv /home/quil/Documents/GitRepos/2025-AMDHardware-GPU/tb/../rtl_utils/arbiter.sv /home/quil/Documents/GitRepos/2025-AMDHardware-GPU/tb/../rtl_utils/fifo.sv /home/quil/Documents/GitRepos/2025-AMDHardware-GPU/tb/../rtl_utils/clock_divider.sv /home/quil/Documents/GitRepos/2025-AMDHardware-GPU/tb/../rtl_utils/mux_n.sv
rm -f results.xml
MODULE=shader_core_tb TESTCASE= TOPLEVEL=shader_core TOPLEVEL_LANG=verilog \
         /nix/store/pdy9lwvh4qqf9cnj0j61l40hxq05kxza-iverilog-12.0/bin/vvp -M /home/quil/Documents/GitRepos/2025-AMDHardware-GPU/.cocotbvenv/lib/python3.13/site-packages/cocotb/libs -m libcocotbvpi_icarus   sim_build_shader_core_tb/sim.vvp  
     -.--ns INFO     gpi                                ..mbed/gpi_embed.cpp:108  in set_program_name_in_venv        Using Python virtual environment interpreter at /home/quil/Documents/GitRepos/2025-AMDHardware-GPU/.cocotbvenv/bin/python
     -.--ns INFO     gpi                                ../gpi/GpiCommon.cpp:101  in gpi_print_registered_impl       VPI registered
     0.00ns INFO     cocotb                             Running on Icarus Verilog version 12.0 (stable)
     0.00ns INFO     cocotb                             Running tests with cocotb v1.9.2 from /home/quil/Documents/GitRepos/2025-AMDHardware-GPU/.cocotbvenv/lib/python3.13/site-packages/cocotb
     0.00ns INFO     cocotb                             Seeding Python random module with 1756600678
     0.00ns CRITICAL cocotb.regression                  Failed to import module shader_core_tb: No module named 'numpy'
     0.00ns INFO     cocotb.regression                  MODULE variable was "shader_core_tb"
     0.00ns INFO     cocotb.regression                  Traceback (most recent call last):
                                                          File "/home/quil/Documents/GitRepos/2025-AMDHardware-GPU/.cocotbvenv/lib/python3.13/site-packages/cocotb/regression.py", line 203, in _discover_tests
                                                            module = _my_import(module_name)
                                                          File "/home/quil/Documents/GitRepos/2025-AMDHardware-GPU/.cocotbvenv/lib/python3.13/site-packages/cocotb/regression.py", line 72, in _my_import
                                                            mod = __import__(name)
                                                          File "/home/quil/Documents/GitRepos/2025-AMDHardware-GPU/.cocotbvenv/lib/python3.13/site-packages/_pytest/assertion/rewrite.py", line 186, in exec_module
                                                            exec(co, module.__dict__)
                                                            ~~~~^^^^^^^^^^^^^^^^^^^^^
                                                          File "/home/quil/Documents/GitRepos/2025-AMDHardware-GPU/tb/shader_core_tb.py", line 5, in <module>
                                                            import numpy as np
                                                        ModuleNotFoundError: No module named 'numpy'
                                                        
     0.00ns ERROR    cocotb                             No module named 'numpy'
make[2]: Leaving directory '/home/quil/Documents/GitRepos/2025-AMDHardware-GPU/tb'
make[1]: Leaving directory '/home/quil/Documents/GitRepos/2025-AMDHardware-GPU/tb'
