make[1]: Entering directory '/home/quil/Documents/GitRepos/2025-AMDHardware-GPU/tb'
rm -f results.xml
"make" -f Makefile results.xml
make[2]: Entering directory '/home/quil/Documents/GitRepos/2025-AMDHardware-GPU/tb'
mkdir -p sim_build_vertex_tb
/nix/store/pdy9lwvh4qqf9cnj0j61l40hxq05kxza-iverilog-12.0/bin/iverilog -o sim_build_vertex_tb/sim.vvp -D COCOTB_SIM=1 -s vertex_fetch -g2012 -f sim_build_vertex_tb/cmds.f  /home/quil/Documents/GitRepos/2025-AMDHardware-GPU/tb/../src/alu.sv /home/quil/Documents/GitRepos/2025-AMDHardware-GPU/tb/../src/attribute_interpolator.sv /home/quil/Documents/GitRepos/2025-AMDHardware-GPU/tb/../src/controller.sv /home/quil/Documents/GitRepos/2025-AMDHardware-GPU/tb/../src/fragment_shader.sv /home/quil/Documents/GitRepos/2025-AMDHardware-GPU/tb/../src/framebuffer.sv /home/quil/Documents/GitRepos/2025-AMDHardware-GPU/tb/../src/gpu_register_file.sv /home/quil/Documents/GitRepos/2025-AMDHardware-GPU/tb/../src/gpu_top.sv /home/quil/Documents/GitRepos/2025-AMDHardware-GPU/tb/../src/instruction_decoder.sv /home/quil/Documents/GitRepos/2025-AMDHardware-GPU/tb/../src/_interconnect.sv /home/quil/Documents/GitRepos/2025-AMDHardware-GPU/tb/../src/mmu.sv /home/quil/Documents/GitRepos/2025-AMDHardware-GPU/tb/../src/rasterizer.sv /home/quil/Documents/GitRepos/2025-AMDHardware-GPU/tb/../src/shader_core.sv /home/quil/Documents/GitRepos/2025-AMDHardware-GPU/tb/../src/shader_loader.sv /home/quil/Documents/GitRepos/2025-AMDHardware-GPU/tb/../src/axi_wrapper.sv /home/quil/Documents/GitRepos/2025-AMDHardware-GPU/tb/../src/texture_unit.sv /home/quil/Documents/GitRepos/2025-AMDHardware-GPU/tb/../src/vertex_fetch.sv /home/quil/Documents/GitRepos/2025-AMDHardware-GPU/tb/../rtl_utils/reset_sync.sv /home/quil/Documents/GitRepos/2025-AMDHardware-GPU/tb/../rtl_utils/arbiter.sv /home/quil/Documents/GitRepos/2025-AMDHardware-GPU/tb/../rtl_utils/fifo.sv /home/quil/Documents/GitRepos/2025-AMDHardware-GPU/tb/../rtl_utils/clock_divider.sv /home/quil/Documents/GitRepos/2025-AMDHardware-GPU/tb/../rtl_utils/mux_n.sv
rm -f results.xml
MODULE=vertex_tb TESTCASE= TOPLEVEL=vertex_fetch TOPLEVEL_LANG=verilog \
         /nix/store/pdy9lwvh4qqf9cnj0j61l40hxq05kxza-iverilog-12.0/bin/vvp -M /home/quil/Documents/GitRepos/2025-AMDHardware-GPU/.cocotbvenv/lib/python3.13/site-packages/cocotb/libs -m libcocotbvpi_icarus   sim_build_vertex_tb/sim.vvp  
     -.--ns INFO     gpi                                ..mbed/gpi_embed.cpp:108  in set_program_name_in_venv        Using Python virtual environment interpreter at /home/quil/Documents/GitRepos/2025-AMDHardware-GPU/.cocotbvenv/bin/python
     -.--ns INFO     gpi                                ../gpi/GpiCommon.cpp:101  in gpi_print_registered_impl       VPI registered
     0.00ns INFO     cocotb                             Running on Icarus Verilog version 12.0 (stable)
     0.00ns INFO     cocotb                             Running tests with cocotb v1.9.2 from /home/quil/Documents/GitRepos/2025-AMDHardware-GPU/.cocotbvenv/lib/python3.13/site-packages/cocotb
     0.00ns INFO     cocotb                             Seeding Python random module with 1756600678
     0.00ns INFO     cocotb.regression                  Found test vertex_tb.test_vertex_fetch_basic
     0.00ns INFO     cocotb.regression                  Found test vertex_tb.test_vertex_fetch_addressing
     0.00ns INFO     cocotb.regression                  Found test vertex_tb.test_vertex_fetch_pipeline
     0.00ns INFO     cocotb.regression                  Found test vertex_tb.test_vertex_fetch_memory_stalls
     0.00ns INFO     cocotb.regression                  Found test vertex_tb.test_vertex_fetch_stress
     0.00ns INFO     cocotb.regression                  Found test vertex_tb.test_vertex_fetch_boundary
     0.00ns INFO     cocotb.regression                  Found test vertex_tb.test_vertex_fetch_reset
     0.00ns INFO     cocotb.regression                  Found test vertex_tb.test_vertex_fetch_performance
     0.00ns INFO     cocotb.regression                  running test_vertex_fetch_basic (1/8)
     0.00ns INFO     cocotb.vertex_fetch                Starting vertex fetch test (ATTR_WIDTH=32, ATTRS_PER_VERTEX=8)
    60.00ns INFO     cocotb.vertex_fetch                Test 1: Single vertex fetch
   150.00ns INFO     cocotb.vertex_fetch                  Single vertex fetched in 7 cycles
   150.00ns INFO     cocotb.vertex_fetch                Test 2: Multiple sequential vertices
   200.00ns INFO     cocotb.vertex_fetch                  Vertex 0 fetched in 3 cycles
   280.00ns INFO     cocotb.vertex_fetch                  Vertex 1 fetched in 6 cycles
   370.00ns INFO     cocotb.vertex_fetch                  Vertex 2 fetched in 7 cycles
   370.00ns INFO     cocotb.vertex_fetch                Basic vertex fetch test passed!
   370.00ns INFO     cocotb.regression                  test_vertex_fetch_basic passed
   370.00ns INFO     cocotb.regression                  running test_vertex_fetch_addressing (2/8)
   370.00ns INFO     cocotb.vertex_fetch                Testing vertex addressing calculations
   460.00ns INFO     cocotb.vertex_fetch                  Index 0: address 0x00080000 ✓
   530.00ns INFO     cocotb.vertex_fetch                  Index 1: address 0x00080020 ✓
** VVP Stop(0) **
** Flushing output streams.
** Current simulation time is 152051620001 ticks.
> 